2025-09-05T21:26:21.323+05:30  INFO 21436 --- [hello-service] [main] c.techTalkEra.HelloServiceApplication    : Starting HelloServiceApplication using Java 21.0.3 with PID 21436 (C:\Users\kalee\Documents\workspace-spring-tool-suite-4-4.24.0.RELEASE\hello-service\target\classes started by kalee in C:\Users\kalee\Documents\workspace-spring-tool-suite-4-4.24.0.RELEASE\hello-service)
2025-09-05T21:26:21.332+05:30  INFO 21436 --- [hello-service] [main] c.techTalkEra.HelloServiceApplication    : The following 1 profile is active: "dev"
2025-09-05T21:26:22.342+05:30  INFO 21436 --- [hello-service] [main] .s.d.r.c.RepositoryConfigurationDelegate : Bootstrapping Spring Data JPA repositories in DEFAULT mode.
2025-09-05T21:26:22.391+05:30  INFO 21436 --- [hello-service] [main] .s.d.r.c.RepositoryConfigurationDelegate : Finished Spring Data repository scanning in 39 ms. Found 1 JPA repository interface.
2025-09-05T21:26:22.895+05:30  INFO 21436 --- [hello-service] [main] o.s.b.w.embedded.tomcat.TomcatWebServer  : Tomcat initialized with port 8081 (http)
2025-09-05T21:26:22.912+05:30  INFO 21436 --- [hello-service] [main] o.apache.catalina.core.StandardService   : Starting service [Tomcat]
2025-09-05T21:26:22.912+05:30  INFO 21436 --- [hello-service] [main] o.apache.catalina.core.StandardEngine    : Starting Servlet engine: [Apache Tomcat/10.1.44]
2025-09-05T21:26:22.969+05:30  INFO 21436 --- [hello-service] [main] o.a.c.c.C.[Tomcat].[localhost].[/]       : Initializing Spring embedded WebApplicationContext
2025-09-05T21:26:22.970+05:30  INFO 21436 --- [hello-service] [main] w.s.c.ServletWebServerApplicationContext : Root WebApplicationContext: initialization completed in 1594 ms
2025-09-05T21:26:23.226+05:30  INFO 21436 --- [hello-service] [main] o.hibernate.jpa.internal.util.LogHelper  : HHH000204: Processing PersistenceUnitInfo [name: default]
2025-09-05T21:26:23.287+05:30  INFO 21436 --- [hello-service] [main] org.hibernate.Version                    : HHH000412: Hibernate ORM core version 6.6.26.Final
2025-09-05T21:26:23.325+05:30  INFO 21436 --- [hello-service] [main] o.h.c.internal.RegionFactoryInitiator    : HHH000026: Second-level cache disabled
2025-09-05T21:26:23.592+05:30  INFO 21436 --- [hello-service] [main] o.s.o.j.p.SpringPersistenceUnitInfo      : No LoadTimeWeaver setup: ignoring JPA class transformer
2025-09-05T21:26:23.637+05:30  INFO 21436 --- [hello-service] [main] com.zaxxer.hikari.HikariDataSource       : HikariPool-1 - Starting...
2025-09-05T21:26:23.894+05:30  INFO 21436 --- [hello-service] [main] com.zaxxer.hikari.pool.HikariPool        : HikariPool-1 - Added connection com.mysql.cj.jdbc.ConnectionImpl@5ca8bd01
2025-09-05T21:26:23.896+05:30  INFO 21436 --- [hello-service] [main] com.zaxxer.hikari.HikariDataSource       : HikariPool-1 - Start completed.
2025-09-05T21:26:23.974+05:30  INFO 21436 --- [hello-service] [main] org.hibernate.orm.connections.pooling    : HHH10001005: Database info:
	Database JDBC URL [Connecting through datasource 'HikariDataSource (HikariPool-1)']
	Database driver: undefined/unknown
	Database version: 8.4.6
	Autocommit mode: undefined/unknown
	Isolation level: undefined/unknown
	Minimum pool size: undefined/unknown
	Maximum pool size: undefined/unknown
2025-09-05T21:26:24.744+05:30  INFO 21436 --- [hello-service] [main] o.h.e.t.j.p.i.JtaPlatformInitiator       : HHH000489: No JTA platform available (set 'hibernate.transaction.jta.platform' to enable JTA platform integration)
2025-09-05T21:26:24.796+05:30  INFO 21436 --- [hello-service] [main] j.LocalContainerEntityManagerFactoryBean : Initialized JPA EntityManagerFactory for persistence unit 'default'
2025-09-05T21:26:25.129+05:30  WARN 21436 --- [hello-service] [main] JpaBaseConfiguration$JpaWebConfiguration : spring.jpa.open-in-view is enabled by default. Therefore, database queries may be performed during view rendering. Explicitly configure spring.jpa.open-in-view to disable this warning
2025-09-05T21:26:25.741+05:30  INFO 21436 --- [hello-service] [main] o.s.b.a.e.web.EndpointLinksResolver      : Exposing 6 endpoints beneath base path '/actuator'
2025-09-05T21:26:25.826+05:30  INFO 21436 --- [hello-service] [main] o.s.b.w.embedded.tomcat.TomcatWebServer  : Tomcat started on port 8081 (http) with context path '/'
2025-09-05T21:26:25.836+05:30  INFO 21436 --- [hello-service] [main] c.techTalkEra.HelloServiceApplication    : Started HelloServiceApplication in 4.882 seconds (process running for 5.595)
2025-09-05T21:26:26.382+05:30  INFO 21436 --- [hello-service] [RMI TCP Connection(4)-127.0.0.1] o.a.c.c.C.[Tomcat].[localhost].[/]       : Initializing Spring DispatcherServlet 'dispatcherServlet'
2025-09-05T21:26:26.382+05:30  INFO 21436 --- [hello-service] [RMI TCP Connection(4)-127.0.0.1] o.s.web.servlet.DispatcherServlet        : Initializing Servlet 'dispatcherServlet'
2025-09-05T21:26:26.383+05:30  INFO 21436 --- [hello-service] [RMI TCP Connection(4)-127.0.0.1] o.s.web.servlet.DispatcherServlet        : Completed initialization in 1 ms
2025-09-05T22:17:49.571+05:30  WARN 21436 --- [hello-service] [HikariPool-1:housekeeper] com.zaxxer.hikari.pool.HikariPool        : HikariPool-1 - Thread starvation or clock leap detected (housekeeper delta=34m25s545ms93µs100ns).
2025-09-05T22:30:04.136+05:30  INFO 21436 --- [hello-service] [http-nio-8081-exec-3] c.t.helloservice.ProductService          : Creating product: booktest
2025-09-05T22:30:05.961+05:30  INFO 21436 --- [hello-service] [http-nio-8081-exec-4] c.t.helloservice.ProductService          : Creating product: booktest
2025-09-05T22:32:11.809+05:30  INFO 21436 --- [hello-service] [RMI TCP Connection(48)-127.0.0.1] inMXBeanRegistrar$SpringApplicationAdmin : Application shutdown requested.
2025-09-05T22:32:11.812+05:30  INFO 21436 --- [hello-service] [RMI TCP Connection(48)-127.0.0.1] o.s.b.w.e.tomcat.GracefulShutdown        : Commencing graceful shutdown. Waiting for active requests to complete
2025-09-05T22:32:11.817+05:30  INFO 21436 --- [hello-service] [tomcat-shutdown] o.s.b.w.e.tomcat.GracefulShutdown        : Graceful shutdown complete
2025-09-05T22:32:11.823+05:30  INFO 21436 --- [hello-service] [RMI TCP Connection(48)-127.0.0.1] j.LocalContainerEntityManagerFactoryBean : Closing JPA EntityManagerFactory for persistence unit 'default'
2025-09-05T22:32:11.826+05:30  INFO 21436 --- [hello-service] [RMI TCP Connection(48)-127.0.0.1] com.zaxxer.hikari.HikariDataSource       : HikariPool-1 - Shutdown initiated...
2025-09-05T22:32:11.830+05:30  INFO 21436 --- [hello-service] [RMI TCP Connection(48)-127.0.0.1] com.zaxxer.hikari.HikariDataSource       : HikariPool-1 - Shutdown completed.
2025-09-05T22:32:34.527+05:30  INFO 17472 --- [hello-service] [main] c.techTalkEra.HelloServiceApplication    : Starting HelloServiceApplication using Java 21.0.3 with PID 17472 (C:\Users\kalee\Documents\workspace-spring-tool-suite-4-4.24.0.RELEASE\hello-service\target\classes started by kalee in C:\Users\kalee\Documents\workspace-spring-tool-suite-4-4.24.0.RELEASE\hello-service)
2025-09-05T22:32:34.529+05:30  INFO 17472 --- [hello-service] [main] c.techTalkEra.HelloServiceApplication    : The following 1 profile is active: "dev"
2025-09-05T22:32:35.340+05:30  INFO 17472 --- [hello-service] [main] .s.d.r.c.RepositoryConfigurationDelegate : Bootstrapping Spring Data JPA repositories in DEFAULT mode.
2025-09-05T22:32:35.381+05:30  INFO 17472 --- [hello-service] [main] .s.d.r.c.RepositoryConfigurationDelegate : Finished Spring Data repository scanning in 33 ms. Found 1 JPA repository interface.
2025-09-05T22:32:35.734+05:30  INFO 17472 --- [hello-service] [main] o.s.b.w.embedded.tomcat.TomcatWebServer  : Tomcat initialized with port 8081 (http)
2025-09-05T22:32:35.747+05:30  INFO 17472 --- [hello-service] [main] o.apache.catalina.core.StandardService   : Starting service [Tomcat]
2025-09-05T22:32:35.748+05:30  INFO 17472 --- [hello-service] [main] o.apache.catalina.core.StandardEngine    : Starting Servlet engine: [Apache Tomcat/10.1.44]
2025-09-05T22:32:35.797+05:30  INFO 17472 --- [hello-service] [main] o.a.c.c.C.[Tomcat].[localhost].[/]       : Initializing Spring embedded WebApplicationContext
2025-09-05T22:32:35.798+05:30  INFO 17472 --- [hello-service] [main] w.s.c.ServletWebServerApplicationContext : Root WebApplicationContext: initialization completed in 1230 ms
2025-09-05T22:32:36.005+05:30  INFO 17472 --- [hello-service] [main] o.hibernate.jpa.internal.util.LogHelper  : HHH000204: Processing PersistenceUnitInfo [name: default]
2025-09-05T22:32:36.044+05:30  INFO 17472 --- [hello-service] [main] org.hibernate.Version                    : HHH000412: Hibernate ORM core version 6.6.26.Final
2025-09-05T22:32:36.071+05:30  INFO 17472 --- [hello-service] [main] o.h.c.internal.RegionFactoryInitiator    : HHH000026: Second-level cache disabled
2025-09-05T22:32:36.280+05:30  INFO 17472 --- [hello-service] [main] o.s.o.j.p.SpringPersistenceUnitInfo      : No LoadTimeWeaver setup: ignoring JPA class transformer
2025-09-05T22:32:36.304+05:30  INFO 17472 --- [hello-service] [main] com.zaxxer.hikari.HikariDataSource       : HikariPool-1 - Starting...
2025-09-05T22:32:36.444+05:30  INFO 17472 --- [hello-service] [main] com.zaxxer.hikari.pool.HikariPool        : HikariPool-1 - Added connection com.mysql.cj.jdbc.ConnectionImpl@217fd3c
2025-09-05T22:32:36.445+05:30  INFO 17472 --- [hello-service] [main] com.zaxxer.hikari.HikariDataSource       : HikariPool-1 - Start completed.
2025-09-05T22:32:36.513+05:30  INFO 17472 --- [hello-service] [main] org.hibernate.orm.connections.pooling    : HHH10001005: Database info:
	Database JDBC URL [Connecting through datasource 'HikariDataSource (HikariPool-1)']
	Database driver: undefined/unknown
	Database version: 8.4.6
	Autocommit mode: undefined/unknown
	Isolation level: undefined/unknown
	Minimum pool size: undefined/unknown
	Maximum pool size: undefined/unknown
2025-09-05T22:32:37.148+05:30  INFO 17472 --- [hello-service] [main] o.h.e.t.j.p.i.JtaPlatformInitiator       : HHH000489: No JTA platform available (set 'hibernate.transaction.jta.platform' to enable JTA platform integration)
2025-09-05T22:32:37.195+05:30  INFO 17472 --- [hello-service] [main] j.LocalContainerEntityManagerFactoryBean : Initialized JPA EntityManagerFactory for persistence unit 'default'
2025-09-05T22:32:37.503+05:30  WARN 17472 --- [hello-service] [main] JpaBaseConfiguration$JpaWebConfiguration : spring.jpa.open-in-view is enabled by default. Therefore, database queries may be performed during view rendering. Explicitly configure spring.jpa.open-in-view to disable this warning
2025-09-05T22:32:38.029+05:30  INFO 17472 --- [hello-service] [main] o.s.b.a.e.web.EndpointLinksResolver      : Exposing 6 endpoints beneath base path '/actuator'
2025-09-05T22:32:38.106+05:30  INFO 17472 --- [hello-service] [main] o.s.b.w.embedded.tomcat.TomcatWebServer  : Tomcat started on port 8081 (http) with context path '/'
2025-09-05T22:32:38.115+05:30  INFO 17472 --- [hello-service] [main] c.techTalkEra.HelloServiceApplication    : Started HelloServiceApplication in 3.957 seconds (process running for 4.512)
2025-09-05T22:32:38.458+05:30  INFO 17472 --- [hello-service] [RMI TCP Connection(9)-127.0.0.1] o.a.c.c.C.[Tomcat].[localhost].[/]       : Initializing Spring DispatcherServlet 'dispatcherServlet'
2025-09-05T22:32:38.459+05:30  INFO 17472 --- [hello-service] [RMI TCP Connection(9)-127.0.0.1] o.s.web.servlet.DispatcherServlet        : Initializing Servlet 'dispatcherServlet'
2025-09-05T22:32:38.460+05:30  INFO 17472 --- [hello-service] [RMI TCP Connection(9)-127.0.0.1] o.s.web.servlet.DispatcherServlet        : Completed initialization in 1 ms
2025-09-05T22:33:30.575+05:30  INFO 17472 --- [hello-service] [http-nio-8081-exec-7] c.t.helloservice.ProductService          : Creating product: booktest
2025-09-05T22:33:31.577+05:30  INFO 17472 --- [hello-service] [http-nio-8081-exec-5] c.t.helloservice.ProductService          : Creating product: booktest
2025-09-05T22:33:32.370+05:30  INFO 17472 --- [hello-service] [http-nio-8081-exec-8] c.t.helloservice.ProductService          : Creating product: booktest
2025-09-05T22:41:21.070+05:30  INFO 17472 --- [hello-service] [http-nio-8081-exec-4] c.t.helloservice.ProductService          : Creating product: booktest
2025-09-05T22:41:22.141+05:30  INFO 17472 --- [hello-service] [http-nio-8081-exec-7] c.t.helloservice.ProductService          : Creating product: booktest
2025-09-05T22:41:22.922+05:30  INFO 17472 --- [hello-service] [http-nio-8081-exec-5] c.t.helloservice.ProductService          : Creating product: booktest
2025-09-05T22:41:23.657+05:30  INFO 17472 --- [hello-service] [http-nio-8081-exec-8] c.t.helloservice.ProductService          : Creating product: booktest
2025-09-05T22:43:00.349+05:30  INFO 17472 --- [hello-service] [RMI TCP Connection(20)-127.0.0.1] inMXBeanRegistrar$SpringApplicationAdmin : Application shutdown requested.
2025-09-05T22:43:00.352+05:30  INFO 17472 --- [hello-service] [RMI TCP Connection(20)-127.0.0.1] o.s.b.w.e.tomcat.GracefulShutdown        : Commencing graceful shutdown. Waiting for active requests to complete
2025-09-05T22:43:00.358+05:30  INFO 17472 --- [hello-service] [tomcat-shutdown] o.s.b.w.e.tomcat.GracefulShutdown        : Graceful shutdown complete
2025-09-05T22:43:00.363+05:30  INFO 17472 --- [hello-service] [RMI TCP Connection(20)-127.0.0.1] j.LocalContainerEntityManagerFactoryBean : Closing JPA EntityManagerFactory for persistence unit 'default'
2025-09-05T22:43:00.366+05:30  INFO 17472 --- [hello-service] [RMI TCP Connection(20)-127.0.0.1] com.zaxxer.hikari.HikariDataSource       : HikariPool-1 - Shutdown initiated...
2025-09-05T22:43:00.374+05:30  INFO 17472 --- [hello-service] [RMI TCP Connection(20)-127.0.0.1] com.zaxxer.hikari.HikariDataSource       : HikariPool-1 - Shutdown completed.
